INFO:snowflake.connector.connection:Snowflake Connector for Python Version: 2.7.6, Python Version: 3.9.7, Platform: Linux-5.13.0-39-generic-x86_64-with-glibc2.31
INFO:snowflake.connector.connection:Snowflake Connector for Python Version: 2.7.6, Python Version: 3.9.7, Platform: Linux-5.13.0-39-generic-x86_64-with-glibc2.31
INFO:snowflake.connector.connection:Snowflake Connector for Python Version: 2.7.6, Python Version: 3.9.7, Platform: Linux-5.13.0-39-generic-x86_64-with-glibc2.31
INFO:snowflake.connector.connection:Snowflake Connector for Python Version: 2.7.6, Python Version: 3.9.7, Platform: Linux-5.13.0-39-generic-x86_64-with-glibc2.31
INFO:snowflake.connector.connection:This connection is in OCSP Fail Open Mode. TLS Certificates would be checked for validity and revocation status. Any other Certificate Revocation related exceptions or OCSP Responder failures would be disregarded in favor of connectivity.
INFO:snowflake.connector.connection:Setting use_openssl_only mode to False
INFO:snowflake.connector.connection:closed
INFO:snowflake.connector.connection:No async queries seem to be running, deleting session
INFO:snowflake.connector.connection:Snowflake Connector for Python Version: 2.7.6, Python Version: 3.9.7, Platform: Linux-5.13.0-39-generic-x86_64-with-glibc2.31
INFO:snowflake.connector.connection:This connection is in OCSP Fail Open Mode. TLS Certificates would be checked for validity and revocation status. Any other Certificate Revocation related exceptions or OCSP Responder failures would be disregarded in favor of connectivity.
INFO:snowflake.connector.connection:Setting use_openssl_only mode to False
INFO:snowflake.connector.connection:closed
INFO:snowflake.connector.connection:No async queries seem to be running, deleting session
INFO:snowflake.connector.connection:Snowflake Connector for Python Version: 2.7.6, Python Version: 3.9.7, Platform: Linux-5.13.0-39-generic-x86_64-with-glibc2.31
INFO:snowflake.connector.connection:This connection is in OCSP Fail Open Mode. TLS Certificates would be checked for validity and revocation status. Any other Certificate Revocation related exceptions or OCSP Responder failures would be disregarded in favor of connectivity.
INFO:snowflake.connector.connection:Setting use_openssl_only mode to False
INFO:snowflake.connector.cursor:query: [create warehouse if not exists tiny_warehouse_mg]
INFO:snowflake.connector.cursor:query execution done
INFO:snowflake.connector.cursor:query: [create database if not exists testdb_mg]
INFO:snowflake.connector.cursor:query execution done
INFO:snowflake.connector.cursor:query: [use database testdb_mg]
INFO:snowflake.connector.cursor:query execution done
INFO:snowflake.connector.cursor:query: [create schema if not exists testschema_mg]
INFO:snowflake.connector.cursor:query execution done
INFO:snowflake.connector.cursor:query: [USE WAREHOUSE tiny_warehouse_mg]
INFO:snowflake.connector.cursor:query execution done
INFO:snowflake.connector.cursor:query: [USE DATABASE testdb_mg]
INFO:snowflake.connector.cursor:query execution done
INFO:snowflake.connector.cursor:query: [USE SCHEMA testdb_mg.testschema_mg]
INFO:snowflake.connector.cursor:query execution done
INFO:snowflake.connector.connection:Snowflake Connector for Python Version: 2.7.6, Python Version: 3.9.7, Platform: Linux-5.13.0-39-generic-x86_64-with-glibc2.31
INFO:snowflake.connector.connection:This connection is in OCSP Fail Open Mode. TLS Certificates would be checked for validity and revocation status. Any other Certificate Revocation related exceptions or OCSP Responder failures would be disregarded in favor of connectivity.
INFO:snowflake.connector.connection:Setting use_openssl_only mode to False
INFO:snowflake.connector.cursor:query: [create warehouse if not exists tiny_warehouse_mg]
INFO:snowflake.connector.cursor:query execution done
INFO:snowflake.connector.cursor:query: [create database if not exists testdb_mg]
INFO:snowflake.connector.cursor:query execution done
INFO:snowflake.connector.cursor:query: [use database testdb_mg]
INFO:snowflake.connector.cursor:query execution done
INFO:snowflake.connector.cursor:query: [create schema if not exists testschema_mg]
INFO:snowflake.connector.cursor:query execution done
INFO:snowflake.connector.cursor:query: [USE WAREHOUSE tiny_warehouse_mg]
INFO:snowflake.connector.cursor:query execution done
INFO:snowflake.connector.cursor:query: [USE DATABASE testdb_mg]
INFO:snowflake.connector.cursor:query execution done
INFO:snowflake.connector.cursor:query: [USE SCHEMA testdb_mg.testschema_mg]
INFO:snowflake.connector.cursor:query execution done
INFO:snowflake.connector.cursor:query: [select PI()]
INFO:snowflake.connector.cursor:query execution done
INFO:snowflake.connector.connection:closed
INFO:snowflake.connector.connection:No async queries seem to be running, deleting session
INFO:snowflake.connector.connection:Snowflake Connector for Python Version: 2.7.6, Python Version: 3.9.7, Platform: Linux-5.13.0-39-generic-x86_64-with-glibc2.31
INFO:snowflake.connector.connection:This connection is in OCSP Fail Open Mode. TLS Certificates would be checked for validity and revocation status. Any other Certificate Revocation related exceptions or OCSP Responder failures would be disregarded in favor of connectivity.
INFO:snowflake.connector.connection:Setting use_openssl_only mode to False
INFO:snowflake.connector.cursor:query: [create warehouse if not exists tiny_warehouse_mg]
INFO:snowflake.connector.cursor:query execution done
INFO:snowflake.connector.cursor:query: [create database if not exists testdb_mg]
INFO:snowflake.connector.cursor:query execution done
INFO:snowflake.connector.cursor:query: [use database testdb_mg]
INFO:snowflake.connector.cursor:query execution done
INFO:snowflake.connector.cursor:query: [create schema if not exists testschema_mg]
INFO:snowflake.connector.cursor:query execution done
INFO:snowflake.connector.cursor:query: [USE WAREHOUSE tiny_warehouse_mg]
INFO:snowflake.connector.cursor:query execution done
INFO:snowflake.connector.cursor:query: [USE DATABASE testdb_mg]
INFO:snowflake.connector.cursor:query execution done
INFO:snowflake.connector.cursor:query: [USE SCHEMA testdb_mg.testschema_mg]
INFO:snowflake.connector.cursor:query execution done
INFO:snowflake.connector.cursor:query: [select PI()]
INFO:snowflake.connector.cursor:query execution done
INFO:snowflake.connector.cursor:query: [DROP SCHEMA IF EXISTS testschema_mg]
INFO:snowflake.connector.cursor:query execution done
INFO:snowflake.connector.cursor:query: [DROP DATABASE IF EXISTS testdb_mg]
INFO:snowflake.connector.cursor:query execution done
INFO:snowflake.connector.cursor:query: [DROP WAREHOUSE IF EXISTS tiny_warehouse_mg]
INFO:snowflake.connector.cursor:query execution done
INFO:snowflake.connector.connection:closed
INFO:snowflake.connector.connection:No async queries seem to be running, deleting session
INFO:snowflake.connector.connection:Snowflake Connector for Python Version: 2.7.6, Python Version: 3.9.7, Platform: Linux-5.13.0-39-generic-x86_64-with-glibc2.31
INFO:snowflake.connector.connection:Snowflake Connector for Python Version: 2.7.6, Python Version: 3.9.7, Platform: Linux-5.13.0-39-generic-x86_64-with-glibc2.31
INFO:snowflake.connector.connection:Snowflake Connector for Python Version: 2.7.6, Python Version: 3.9.7, Platform: Linux-5.13.0-39-generic-x86_64-with-glibc2.31
INFO:snowflake.connector.connection:Snowflake Connector for Python Version: 2.7.6, Python Version: 3.9.7, Platform: Linux-5.13.0-39-generic-x86_64-with-glibc2.31
